<?xml version="1.0" encoding="UTF-8"?>
<testng-results skipped="0" failed="0" ignored="0" total="1" passed="1">
  <reporter-output>
  </reporter-output>
  <suite name="Default suite" duration-ms="13605" started-at="2020-05-26T09:30:02Z" finished-at="2020-05-26T09:30:15Z">
    <groups>
    </groups>
    <test name="Default test" duration-ms="13605" started-at="2020-05-26T09:30:02Z" finished-at="2020-05-26T09:30:15Z">
      <class name="holisol.qa.dms.pom.TestCase.LoginPageTest">
        <test-method status="PASS" signature="setUp()[pri:0, instance:holisol.qa.dms.pom.TestCase.LoginPageTest@5e5792a0]" name="setUp" is-config="true" duration-ms="12780" started-at="2020-05-26T09:30:02Z" finished-at="2020-05-26T09:30:15Z">
          <reporter-output>
          </reporter-output>
        </test-method> <!-- setUp -->
        <test-method status="PASS" signature="doLoginTest()[pri:0, instance:holisol.qa.dms.pom.TestCase.LoginPageTest@5e5792a0]" name="doLoginTest" duration-ms="794" started-at="2020-05-26T09:30:15Z" finished-at="2020-05-26T09:30:15Z">
          <reporter-output>
          </reporter-output>
        </test-method> <!-- doLoginTest -->
      </class> <!-- holisol.qa.dms.pom.TestCase.LoginPageTest -->
    </test> <!-- Default test -->
  </suite> <!-- Default suite -->
</testng-results>
